<?xml version="1.0" encoding="UTF-8"?>
<testsuite name="com.knu.lab3.UtilTest" tests="6" skipped="0" failures="0" errors="0" timestamp="2020-05-24T15:58:30" hostname="DESKTOP-NM17FHJ" time="0.01">
  <properties/>
  <testcase name="byteArrayToInt" classname="com.knu.lab3.UtilTest" time="0.0"/>
  <testcase name="byteArrayToIntArray" classname="com.knu.lab3.UtilTest" time="0.004"/>
  <testcase name="rotateLeft" classname="com.knu.lab3.UtilTest" time="0.0"/>
  <testcase name="intArrayToHexString" classname="com.knu.lab3.UtilTest" time="0.001"/>
  <testcase name="longToByteArray" classname="com.knu.lab3.UtilTest" time="0.0"/>
  <testcase name="rotateRight" classname="com.knu.lab3.UtilTest" time="0.0"/>
  <system-out><![CDATA[]]></system-out>
  <system-err><![CDATA[]]></system-err>
</testsuite>
